<?xml version="1.0" encoding="UTF-8" standalone="no"?>
<!DOCTYPE log SYSTEM "logger.dtd">
<log>
<record>
  <date>2023-05-02T17:44:19.973-0300</date>
  <logger>ADENOU DANTAS DE FARIAS JUNIOR</logger>
  <level>FINE</level>
  <message>File 118210879-ADENOU DANTAS DE FARIAS JUNIOR.zip was received. It was sent by ADENOU DANTAS DE FARIAS JUNIOR from IP 192.168.0.109 at 02-05-2023 17*44*19</message>
</record>
</log>
<?xml version="1.0" encoding="UTF-8" standalone="no"?>
<!DOCTYPE log SYSTEM "logger.dtd">
<log>
<record>
  <date>2023-05-02T19:04:25.052-0300</date>
  <logger>ADENOU DANTAS DE FARIAS JUNIOR</logger>
  <level>FINE</level>
  <message>File 118210879-ADENOU DANTAS DE FARIAS JUNIOR.zip was received. It was sent by ADENOU DANTAS DE FARIAS JUNIOR from IP 192.168.0.109 at 02-05-2023 19*04*25</message>
</record>
</log>
<?xml version="1.0" encoding="UTF-8" standalone="no"?>
<!DOCTYPE log SYSTEM "logger.dtd">
<log>
<record>
  <date>2023-05-02T20:18:39.899-0300</date>
  <logger>ADENOU DANTAS DE FARIAS JUNIOR</logger>
  <level>FINE</level>
  <message>File 118210879-ADENOU DANTAS DE FARIAS JUNIOR.zip was received. It was sent by ADENOU DANTAS DE FARIAS JUNIOR from IP 192.168.0.109 at 02-05-2023 20*18*39</message>
</record>
